<?xml version="1.0" encoding="UTF-8"?>
<!-- Generated by org.testng.reporters.JUnitXMLReporter -->
<testsuite hostname="classroom-PC" name="myTest" tests="4" failures="0" timestamp="4 May 2019 06:06:15 GMT" time="86.79" errors="0">
  <testcase name="addEmp" time="62.566" classname="myPack.Tech"/>
  <testcase name="deleteEmp" time="0.001" classname="myPack.Tech"/>
  <testcase name="editEmp" time="0.001" classname="myPack.Tech"/>
  <testcase name="verifyLogin" time="24.196" classname="myPack.Tech"/>
</testsuite> <!-- myTest -->
